<?xml version="1.0" encoding="UTF-8"?>
<!-- Generated by org.testng.reporters.JUnitReportReporter -->
<testsuite hostname="192.168.2.8" failures="0" tests="6" name="com.noncommerce.user.User_01_Register_Login" time="7.775" errors="0" timestamp="10 Jun 2023 04:17:59 GMT" skipped="0">
  <testcase classname="com.noncommerce.user.User_01_Register_Login" name="TC_02_Register_Invalid_Email" time="0.897"/>
  <testcase classname="com.noncommerce.user.User_01_Register_Login" name="TC_03_Register_Success" time="1.918"/>
  <testcase classname="com.noncommerce.user.User_01_Register_Login" name="TC_05_Register_Password_Less_Than_6_Chars" time="0.862"/>
  <testcase classname="com.noncommerce.user.User_01_Register_Login" name="TC_04_Register_Existing_Email" time="1.235"/>
  <testcase classname="com.noncommerce.user.User_01_Register_Login" name="TC_01_Register_Empty_Data" time="1.522"/>
  <testcase classname="com.noncommerce.user.User_01_Register_Login" name="TC_06_Register_Invalid_Confirm_Password" time="1.341"/>
</testsuite> <!-- com.noncommerce.user.User_01_Register_Login -->
